<?xml version="1.0" encoding="UTF-8"?>
<!-- Generated by org.testng.reporters.JUnitReportReporter -->
<testsuite hostname="RedBlade" failures="0" tests="1" name="testrunners.TestRunner" time="0.073" errors="1" timestamp="2025-05-19T21:39:06 IST" skipped="0">
  <testcase classname="testrunners.TestRunner" name="runScenario" time="0.073">
    <error message="Cannot invoke &quot;java.util.HashMap.getOrDefault(Object, Object)&quot; because &quot;utilities.ExecutionHooks.scenarioMap&quot; is null" type="java.lang.NullPointerException">
      <![CDATA[java.lang.NullPointerException: Cannot invoke "java.util.HashMap.getOrDefault(Object, Object)" because "utilities.ExecutionHooks.scenarioMap" is null
at utilities.ExecutionHooks.getTestScenarios(ExecutionHooks.java:46)
]]>
    </error>
  </testcase> <!-- runScenario -->
</testsuite> <!-- testrunners.TestRunner -->
